<?xml version="1.0" encoding="utf-8"?><testsuites name="pytest tests"><testsuite name="pytest" errors="0" failures="0" skipped="0" tests="7" time="3.247" timestamp="2026-05-12T04:49:55.858267+00:00" hostname="agent-env-95cf1099-fb59-48ce-a2ba-7fc6fd0e7b2a"><testcase classname="backend.tests.test_auth_and_pr.TestAuthCookies" name="test_login_sets_samesite_none_secure_over_https" time="0.385" /><testcase classname="backend.tests.test_auth_and_pr.TestAuthCookies" name="test_negative_login_returns_friendly_401" time="0.325" /><testcase classname="backend.tests.test_auth_and_pr.TestAuthCookies" name="test_protected_endpoints_persist_cookies" time="0.545" /><testcase classname="backend.tests.test_auth_and_pr.TestAuthCookies" name="test_logout_clears_cookies" time="0.494" /><testcase classname="backend.tests.test_auth_and_pr.TestSegmentBestEffort" name="test_segments_list_includes_pr_fields_even_when_empty" time="0.314" /><testcase classname="backend.tests.test_auth_and_pr.TestSegmentBestEffort" name="test_pr_populated_after_ride_upload" time="0.524" /><testcase classname="backend.tests.test_auth_and_pr.TestSegmentBestEffort" name="test_min_elapsed_wins_when_multiple_efforts" time="0.574" /></testsuite></testsuites>