<?xml version="1.0" encoding="utf-8"?><testsuites name="pytest tests"><testsuite name="pytest" errors="0" failures="0" skipped="0" tests="27" time="3.091" timestamp="2026-05-07T00:42:02.424786+00:00" hostname="agent-env-5686343c-b00a-4ac3-a6d3-65f1316bfce4"><testcase classname="backend.tests.backend_test.TestStats" name="test_stats_shape" time="0.310" /><testcase classname="backend.tests.backend_test.TestSegments" name="test_upload_valid_segment" time="0.072" /><testcase classname="backend.tests.backend_test.TestSegments" name="test_duplicate_segment_returns_409" time="0.067" /><testcase classname="backend.tests.backend_test.TestSegments" name="test_list_segments" time="0.068" /><testcase classname="backend.tests.backend_test.TestSegments" name="test_get_segment_detail" time="0.071" /><testcase classname="backend.tests.backend_test.TestSegments" name="test_invalid_segment_rejected" time="0.068" /><testcase classname="backend.tests.backend_test.TestRidesAndEfforts" name="test_upload_ride_empty_rejected" time="0.068" /><testcase classname="backend.tests.backend_test.TestRidesAndEfforts" name="test_upload_ride_detects_effort" time="0.163" /><testcase classname="backend.tests.backend_test.TestRidesAndEfforts" name="test_duplicate_ride_returns_409" time="0.082" /><testcase classname="backend.tests.backend_test.TestRidesAndEfforts" name="test_upload_ride_no_effort" time="0.150" /><testcase classname="backend.tests.backend_test.TestRidesAndEfforts" name="test_list_rides_sorted_desc" time="0.070" /><testcase classname="backend.tests.backend_test.TestRidesAndEfforts" name="test_get_ride_detail" time="0.069" /><testcase classname="backend.tests.backend_test.TestRidesAndEfforts" name="test_segment_efforts_list" time="0.074" /><testcase classname="backend.tests.backend_test.TestBackupRestore" name="test_backup_has_data" time="0.066" /><testcase classname="backend.tests.backend_test.TestBackupRestore" name="test_restore_replaces_data" time="0.215" /><testcase classname="backend.tests.backend_test.TestRenameAndRideDetail" name="test_get_ride_detail_has_segment_name_and_points" time="0.065" /><testcase classname="backend.tests.backend_test.TestRenameAndRideDetail" name="test_patch_segment_rename" time="0.141" /><testcase classname="backend.tests.backend_test.TestRenameAndRideDetail" name="test_patch_segment_empty_name_400" time="0.069" /><testcase classname="backend.tests.backend_test.TestRenameAndRideDetail" name="test_patch_segment_missing_id_404" time="0.067" /><testcase classname="backend.tests.backend_test.TestRenameAndRideDetail" name="test_patch_ride_rename_propagates_to_efforts" time="0.192" /><testcase classname="backend.tests.backend_test.TestRenameAndRideDetail" name="test_patch_ride_empty_name_400" time="0.062" /><testcase classname="backend.tests.backend_test.TestRenameAndRideDetail" name="test_patch_ride_missing_id_404" time="0.064" /><testcase classname="backend.tests.backend_test.TestNewFeaturesIter3" name="test_upload_ride_returns_elevation_gain" time="0.134" /><testcase classname="backend.tests.backend_test.TestNewFeaturesIter3" name="test_list_rides_has_elevation_gain" time="0.064" /><testcase classname="backend.tests.backend_test.TestNewFeaturesIter3" name="test_get_ride_has_elevation_gain" time="0.063" /><testcase classname="backend.tests.backend_test.TestDeletion" name="test_delete_ride_cascades_efforts" time="0.190" /><testcase classname="backend.tests.backend_test.TestDeletion" name="test_delete_segment_cascades_efforts" time="0.258" /></testsuite></testsuites>