<?xml version="1.0" encoding="utf-8"?><testsuites name="pytest tests"><testsuite name="pytest" errors="0" failures="0" skipped="0" tests="17" time="2.138" timestamp="2026-05-06T02:08:21.584003+00:00" hostname="agent-env-5686343c-b00a-4ac3-a6d3-65f1316bfce4"><testcase classname="backend.tests.backend_test.TestStats" name="test_stats_shape" time="0.246" /><testcase classname="backend.tests.backend_test.TestSegments" name="test_upload_valid_segment" time="0.084" /><testcase classname="backend.tests.backend_test.TestSegments" name="test_duplicate_segment_returns_409" time="0.086" /><testcase classname="backend.tests.backend_test.TestSegments" name="test_list_segments" time="0.071" /><testcase classname="backend.tests.backend_test.TestSegments" name="test_get_segment_detail" time="0.072" /><testcase classname="backend.tests.backend_test.TestSegments" name="test_invalid_segment_rejected" time="0.079" /><testcase classname="backend.tests.backend_test.TestRidesAndEfforts" name="test_upload_ride_empty_rejected" time="0.074" /><testcase classname="backend.tests.backend_test.TestRidesAndEfforts" name="test_upload_ride_detects_effort" time="0.074" /><testcase classname="backend.tests.backend_test.TestRidesAndEfforts" name="test_duplicate_ride_returns_409" time="0.077" /><testcase classname="backend.tests.backend_test.TestRidesAndEfforts" name="test_upload_ride_no_effort" time="0.078" /><testcase classname="backend.tests.backend_test.TestRidesAndEfforts" name="test_list_rides_sorted_desc" time="0.077" /><testcase classname="backend.tests.backend_test.TestRidesAndEfforts" name="test_get_ride_detail" time="0.069" /><testcase classname="backend.tests.backend_test.TestRidesAndEfforts" name="test_segment_efforts_list" time="0.075" /><testcase classname="backend.tests.backend_test.TestBackupRestore" name="test_backup_has_data" time="0.074" /><testcase classname="backend.tests.backend_test.TestBackupRestore" name="test_restore_replaces_data" time="0.244" /><testcase classname="backend.tests.backend_test.TestDeletion" name="test_delete_ride_cascades_efforts" time="0.236" /><testcase classname="backend.tests.backend_test.TestDeletion" name="test_delete_segment_cascades_efforts" time="0.357" /></testsuite></testsuites>